<?xml version="1.0" encoding="UTF-8"?>
<!-- Generated by org.testng.reporters.JUnitXMLReporter -->
<testsuite ignored="0" hostname="DESKTOP-anirban" failures="0" tests="3" name="QwertyThoughts" time="24.484" errors="0" timestamp="2023-03-01T00:10:07 IST">
  <testcase classname="org.QwertyThoughts.QwertyThoughts" name="loginTest1" time="0.507"/>
  <testcase classname="org.QwertyThoughts.QwertyThoughts" name="loginTest2" time="0.503"/>
  <testcase classname="org.QwertyThoughts.QwertyThoughts" name="loginTest3" time="1.703"/>
</testsuite> <!-- QwertyThoughts -->
