<?xml version="1.0" encoding="UTF-8"?>
<testng-results ignored="0" total="3" passed="3" failed="0" skipped="0">
  <reporter-output>
  </reporter-output>
  <suite started-at="2023-03-01T00:09:42 IST" name="Default Suite" finished-at="2023-03-01T00:10:07 IST" duration-ms="24484">
    <groups>
    </groups>
    <test started-at="2023-03-01T00:09:42 IST" name="QwertyThoughts" finished-at="2023-03-01T00:10:07 IST" duration-ms="24484">
      <class name="org.QwertyThoughts.QwertyThoughts">
        <test-method is-config="true" signature="init()[pri:0, instance:org.QwertyThoughts.QwertyThoughts@3cc2931c]" started-at="2023-03-01T00:09:42 IST" name="init" finished-at="2023-03-01T00:09:50 IST" duration-ms="7925" status="PASS">
          <reporter-output>
          </reporter-output>
        </test-method> <!-- init -->
        <test-method signature="loginTest1()[pri:1, instance:org.QwertyThoughts.QwertyThoughts@3cc2931c]" started-at="2023-03-01T00:09:50 IST" name="loginTest1" description="TC_001-Enter the Incorrect userName and Correct Password " finished-at="2023-03-01T00:09:51 IST" duration-ms="507" status="PASS">
          <reporter-output>
          </reporter-output>
        </test-method> <!-- loginTest1 -->
        <test-method is-config="true" signature="end()[pri:0, instance:org.QwertyThoughts.QwertyThoughts@3cc2931c]" started-at="2023-03-01T00:09:51 IST" name="end" finished-at="2023-03-01T00:09:51 IST" duration-ms="257" status="PASS">
          <reporter-output>
          </reporter-output>
        </test-method> <!-- end -->
        <test-method is-config="true" signature="init()[pri:0, instance:org.QwertyThoughts.QwertyThoughts@3cc2931c]" started-at="2023-03-01T00:09:51 IST" name="init" finished-at="2023-03-01T00:09:58 IST" duration-ms="6600" status="PASS">
          <reporter-output>
          </reporter-output>
        </test-method> <!-- init -->
        <test-method signature="loginTest2()[pri:2, instance:org.QwertyThoughts.QwertyThoughts@3cc2931c]" started-at="2023-03-01T00:09:58 IST" name="loginTest2" description="TC_002-Enter the Correct userName and In-Correct Password " finished-at="2023-03-01T00:09:58 IST" duration-ms="503" status="PASS">
          <reporter-output>
          </reporter-output>
        </test-method> <!-- loginTest2 -->
        <test-method is-config="true" signature="end()[pri:0, instance:org.QwertyThoughts.QwertyThoughts@3cc2931c]" started-at="2023-03-01T00:09:58 IST" name="end" finished-at="2023-03-01T00:09:59 IST" duration-ms="223" status="PASS">
          <reporter-output>
          </reporter-output>
        </test-method> <!-- end -->
        <test-method is-config="true" signature="init()[pri:0, instance:org.QwertyThoughts.QwertyThoughts@3cc2931c]" started-at="2023-03-01T00:09:59 IST" name="init" finished-at="2023-03-01T00:10:05 IST" duration-ms="6411" status="PASS">
          <reporter-output>
          </reporter-output>
        </test-method> <!-- init -->
        <test-method signature="loginTest3()[pri:3, instance:org.QwertyThoughts.QwertyThoughts@3cc2931c]" started-at="2023-03-01T00:10:05 IST" name="loginTest3" description="TC_003-Enter the Correct userName and Correct Password " finished-at="2023-03-01T00:10:07 IST" duration-ms="1703" status="PASS">
          <reporter-output>
          </reporter-output>
        </test-method> <!-- loginTest3 -->
        <test-method is-config="true" signature="end()[pri:0, instance:org.QwertyThoughts.QwertyThoughts@3cc2931c]" started-at="2023-03-01T00:10:07 IST" name="end" finished-at="2023-03-01T00:10:07 IST" duration-ms="276" status="PASS">
          <reporter-output>
          </reporter-output>
        </test-method> <!-- end -->
      </class> <!-- org.QwertyThoughts.QwertyThoughts -->
    </test> <!-- QwertyThoughts -->
  </suite> <!-- Default Suite -->
</testng-results>
